
> frontend@0.1.0 start
> react-scripts start

(node:2797) [DEP_WEBPACK_DEV_SERVER_ON_AFTER_SETUP_MIDDLEWARE] DeprecationWarning: 'onAfterSetupMiddleware' option is deprecated. Please use the 'setupMiddlewares' option.
(Use `node --trace-deprecation ...` to show where the warning was created)
(node:2797) [DEP_WEBPACK_DEV_SERVER_ON_BEFORE_SETUP_MIDDLEWARE] DeprecationWarning: 'onBeforeSetupMiddleware' option is deprecated. Please use the 'setupMiddlewares' option.
Starting the development server...

Compiled successfully!

You can now view frontend in the browser.

  Local:            http://localhost:3000
  On Your Network:  http://192.168.4.115:3000

Note that the development build is not optimized.
To create a production build, use npm run build.

webpack compiled successfully
Failed to compile.

Module not found: Error: Can't resolve './App' in '/home/ubuntu/labs/sowGenGit/frontend/src'
ERROR in ./src/index.js 7:0-24
Module not found: Error: Can't resolve './App' in '/home/ubuntu/labs/sowGenGit/frontend/src'

webpack compiled with 1 error
Compiling...
Failed to compile.

Module not found: Error: Can't resolve 'react-markdown' in '/home/ubuntu/labs/sowGenGit/frontend/src'
ERROR in ./src/App.js 6:0-43
Module not found: Error: Can't resolve 'react-markdown' in '/home/ubuntu/labs/sowGenGit/frontend/src'

webpack compiled with 1 error
Compiling...
Failed to compile.

Module not found: Error: Can't resolve 'react-markdown' in '/home/ubuntu/labs/sowGenGit/frontend/src'
ERROR in ./src/App.js 6:0-43
Module not found: Error: Can't resolve 'react-markdown' in '/home/ubuntu/labs/sowGenGit/frontend/src'

webpack compiled with 1 error
Compiling...
Compiled successfully!
webpack compiled successfully
Compiling...
Compiled successfully!
webpack compiled successfully
Compiling...
Compiled successfully!
webpack compiled successfully
